<?xml version="1.0" encoding="UTF-8"?>
<!-- Generated by org.testng.reporters.JUnitReportReporter -->
<testsuite skipped="0" hostname="Revolutions-Mac-Georgy.local" name="tests.testPackage1.FBMessengerTests" tests="3" failures="1" timestamp="15 Aug 2018 00:18:06 GMT" time="190.770" errors="0">
  <testcase name="verifyFAQBaggageTest" time="63.909" classname="tests.testPackage1.FBMessengerTests"/>
  <testcase name="afetchDataFromDialogflowTest" time="62.307" classname="tests.testPackage1.FBMessengerTests"/>
  <testcase name="verifyGetStartedTest" time="64.554" classname="tests.testPackage1.FBMessengerTests">
    <failure type="java.lang.AssertionError" message="TC Failed">
      <![CDATA[java.lang.AssertionError: TC Failed
at steps.Steps.FBMessengerSteps.verifyGetStarted(FBMessengerSteps.java:86)
at tests.testPackage1.FBMessengerTests.verifyGetStartedTest(FBMessengerTests.java:57)
]]>
    </failure>
  </testcase> <!-- verifyGetStartedTest -->
</testsuite> <!-- tests.testPackage1.FBMessengerTests -->
